<?xml version="1.0" encoding="UTF-8"?>
<!-- Generated by org.testng.reporters.JUnitReportReporter -->
<testsuite skipped="0" hostname="Santosh-PC" name="com.scripts.VerifyTabsAndSearchGames" tests="1" failures="0" timestamp="13 May 2017 21:10:40 GMT" time="89.428" errors="0">
  <testcase name="TabsAndSearchGamesTest" time="89.428" classname="com.scripts.VerifyTabsAndSearchGames"/>
</testsuite> <!-- com.scripts.VerifyTabsAndSearchGames -->
