<?xml version="1.0" encoding="UTF-8"?>
<!-- Generated by org.testng.reporters.JUnitReportReporter -->
<testsuite hostname="Santosh-PC" name="tests.VerifyTabsAndSearchGames" tests="1" failures="0" timestamp="13 May 2017 05:05:25 GMT" time="277.175" errors="0">
  <testcase name="TabsAndSearchGamesTest" time="277.175" classname="tests.VerifyTabsAndSearchGames"/>
</testsuite> <!-- tests.VerifyTabsAndSearchGames -->
